c:\users\gongcheng\documents\visual studio 2013\projects\libmodbus\libmodbus\debug\vc120.pdb
c:\users\gongcheng\documents\visual studio 2013\projects\libmodbus\libmodbus\debug\vc120.idb
c:\users\gongcheng\documents\visual studio 2013\projects\libmodbus\libmodbus\debug\getopt.obj
c:\users\gongcheng\documents\visual studio 2013\projects\libmodbus\libmodbus\debug\getopt_init.obj
c:\users\gongcheng\documents\visual studio 2013\projects\libmodbus\libmodbus\debug\modbus-data.obj
c:\users\gongcheng\documents\visual studio 2013\projects\libmodbus\libmodbus\debug\modbus-rtu.obj
c:\users\gongcheng\documents\visual studio 2013\projects\libmodbus\libmodbus\debug\modbus-tcp.obj
c:\users\gongcheng\documents\visual studio 2013\projects\libmodbus\libmodbus\debug\modbus.obj
c:\users\gongcheng\documents\visual studio 2013\projects\libmodbus\libmodbus\debug\modpoll.obj
c:\users\gongcheng\documents\visual studio 2013\projects\libmodbus\libmodbus\debug\libmodbus.res
c:\users\gongcheng\documents\visual studio 2013\projects\libmodbus\debug\libmodbus.pdb
c:\users\gongcheng\documents\visual studio 2013\projects\libmodbus\libmodbus\debug\libmodbus.tlog\cl.command.1.tlog
c:\users\gongcheng\documents\visual studio 2013\projects\libmodbus\libmodbus\debug\libmodbus.tlog\cl.read.1.tlog
c:\users\gongcheng\documents\visual studio 2013\projects\libmodbus\libmodbus\debug\libmodbus.tlog\cl.write.1.tlog
c:\users\gongcheng\documents\visual studio 2013\projects\libmodbus\libmodbus\debug\libmodbus.tlog\link-cvtres.read.1.tlog
c:\users\gongcheng\documents\visual studio 2013\projects\libmodbus\libmodbus\debug\libmodbus.tlog\link-cvtres.write.1.tlog
c:\users\gongcheng\documents\visual studio 2013\projects\libmodbus\libmodbus\debug\libmodbus.tlog\link-rc.read.1.tlog
c:\users\gongcheng\documents\visual studio 2013\projects\libmodbus\libmodbus\debug\libmodbus.tlog\link-rc.write.1.tlog
c:\users\gongcheng\documents\visual studio 2013\projects\libmodbus\libmodbus\debug\libmodbus.tlog\link.command.1.tlog
c:\users\gongcheng\documents\visual studio 2013\projects\libmodbus\libmodbus\debug\libmodbus.tlog\link.read.1.tlog
c:\users\gongcheng\documents\visual studio 2013\projects\libmodbus\libmodbus\debug\libmodbus.tlog\link.write.1.tlog
c:\users\gongcheng\documents\visual studio 2013\projects\libmodbus\libmodbus\debug\libmodbus.tlog\rc.command.1.tlog
c:\users\gongcheng\documents\visual studio 2013\projects\libmodbus\libmodbus\debug\libmodbus.tlog\rc.read.1.tlog
c:\users\gongcheng\documents\visual studio 2013\projects\libmodbus\libmodbus\debug\libmodbus.tlog\rc.write.1.tlog
